#
# A fatal error has been detected by the Java Runtime Environment:
#
#  EXCEPTION_ACCESS_VIOLATION (0xc0000005) at pc=0x00007ffad8cdc7e0, pid=19432, tid=18800
#
# JRE version: Java(TM) SE Runtime Environment (13.0.1+9) (build 13.0.1+9)
# Java VM: Java HotSpot(TM) 64-Bit Server VM (13.0.1+9, mixed mode, sharing, tiered, compressed oops, g1 gc, windows-amd64)
# Problematic frame:
# V  [jvm.dll+0x3cc7e0]
#
# No core dump will be written. Minidumps are not enabled by default on client versions of Windows
#
# If you would like to submit a bug report, please visit:
#   http://bugreport.java.com/bugreport/crash.jsp
#

---------------  S U M M A R Y ------------

Command Line: -Djava.library.path=C:\Program Files\Java\sqljdbc_9.2\enu\auth\x64 -Dfile.encoding=UTF-8 --module-path=C:\Program Files\Java\jasperreports-6.17.0.jar;C:\Program Files\Java\jcalendar-1.4.jar;C:\Program Files\Java\sqljdbc4.jar Form.Login

Host: Intel(R) Core(TM) i5-8250U CPU @ 1.60GHz, 8 cores, 11G,  Windows 10 , 64 bit Build 19041 (10.0.19041.1023)
Time: Thu Jul 29 02:02:15 2021 SE Asia Standard Time elapsed time: 7 seconds (0d 0h 0m 7s)

---------------  T H R E A D  ---------------

Current thread (0x000002054af8a000):  JavaThread "AWT-EventQueue-0" [_thread_in_vm, id=18800, stack(0x000000b975100000,0x000000b975200000)]

Stack: [0x000000b975100000,0x000000b975200000],  sp=0x000000b9751fd460,  free space=1013k
Native frames: (J=compiled Java code, j=interpreted, Vv=VM code, C=native code)
V  [jvm.dll+0x3cc7e0]
C  [sqljdbc_auth.dll+0x714f]

Java frames: (J=compiled Java code, j=interpreted, Vv=VM code)
j  com.microsoft.sqlserver.jdbc.AuthenticationJNI.SNISecGenClientContext([B[I[BI[B[I[ZLjava/lang/String;Ljava/lang/String;Ljava/lang/String;Ljava/util/logging/Logger;)I+0 sqljdbc4
j  com.microsoft.sqlserver.jdbc.AuthenticationJNI.GenerateClientContext([BI[B[I[Z)I+24 sqljdbc4
j  com.microsoft.sqlserver.jdbc.SQLServerConnection.SSPIData([B[B[I[ZLcom/microsoft/sqlserver/jdbc/AuthenticationJNI;)V+13 sqljdbc4
j  com.microsoft.sqlserver.jdbc.SQLServerConnection.sendLogon(Lcom/microsoft/sqlserver/jdbc/SQLServerConnection$LogonCommand;Lcom/microsoft/sqlserver/jdbc/AuthenticationJNI;)V+151 sqljdbc4
j  com.microsoft.sqlserver.jdbc.SQLServerConnection.logon(Lcom/microsoft/sqlserver/jdbc/SQLServerConnection$LogonCommand;)V+20 sqljdbc4
j  com.microsoft.sqlserver.jdbc.SQLServerConnection.access$000(Lcom/microsoft/sqlserver/jdbc/SQLServerConnection;Lcom/microsoft/sqlserver/jdbc/SQLServerConnection$LogonCommand;)V+2 sqljdbc4
j  com.microsoft.sqlserver.jdbc.SQLServerConnection$LogonCommand.doExecute()Z+5 sqljdbc4
j  com.microsoft.sqlserver.jdbc.TDSCommand.execute(Lcom/microsoft/sqlserver/jdbc/TDSWriter;Lcom/microsoft/sqlserver/jdbc/TDSReader;)Z+30 sqljdbc4
j  com.microsoft.sqlserver.jdbc.SQLServerConnection.executeCommand(Lcom/microsoft/sqlserver/jdbc/TDSCommand;)Z+45 sqljdbc4
j  com.microsoft.sqlserver.jdbc.SQLServerConnection.connectHelper(Lcom/microsoft/sqlserver/jdbc/ServerPortPlaceHolder;II)V+284 sqljdbc4
j  com.microsoft.sqlserver.jdbc.SQLServerConnection.login(Ljava/lang/String;Ljava/lang/String;ILjava/lang/String;Lcom/microsoft/sqlserver/jdbc/FailoverInfo;IJ)V+399 sqljdbc4
j  com.microsoft.sqlserver.jdbc.SQLServerConnection.connect(Ljava/util/Properties;Lcom/microsoft/sqlserver/jdbc/SQLServerPooledConnection;)Ljava/sql/Connection;+1736 sqljdbc4
j  com.microsoft.sqlserver.jdbc.SQLServerDriver.connect(Ljava/lang/String;Ljava/util/Properties;)Ljava/sql/Connection;+45 sqljdbc4
j  java.sql.DriverManager.getConnection(Ljava/lang/String;Ljava/util/Properties;Ljava/lang/Class;)Ljava/sql/Connection;+131 java.sql@13.0.1
j  java.sql.DriverManager.getConnection(Ljava/lang/String;Ljava/lang/String;Ljava/lang/String;)Ljava/sql/Connection;+37 java.sql@13.0.1
j  Database.DBConnection.getConnection()Ljava/sql/Connection;+12
j  Form.Login.btnLoginMouseClicked(Ljava/awt/event/MouseEvent;)V+63
j  Form.Login$2.mouseClicked(Ljava/awt/event/MouseEvent;)V+5
j  java.awt.AWTEventMulticaster.mouseClicked(Ljava/awt/event/MouseEvent;)V+21 java.desktop@13.0.1
j  java.awt.Component.processMouseEvent(Ljava/awt/event/MouseEvent;)V+74 java.desktop@13.0.1
j  javax.swing.JComponent.processMouseEvent(Ljava/awt/event/MouseEvent;)V+23 java.desktop@13.0.1
j  java.awt.Component.processEvent(Ljava/awt/AWTEvent;)V+81 java.desktop@13.0.1
j  java.awt.Container.processEvent(Ljava/awt/AWTEvent;)V+18 java.desktop@13.0.1
j  java.awt.Component.dispatchEventImpl(Ljava/awt/AWTEvent;)V+496 java.desktop@13.0.1
J 1774 c1 java.awt.Container.dispatchEventImpl(Ljava/awt/AWTEvent;)V java.desktop@13.0.1 (129 bytes) @ 0x00000205319d06bc [0x00000205319d0560+0x000000000000015c]
J 1797 c1 java.awt.Component.dispatchEvent(Ljava/awt/AWTEvent;)V java.desktop@13.0.1 (6 bytes) @ 0x00000205319f8f64 [0x00000205319f8e40+0x0000000000000124]
j  java.awt.LightweightDispatcher.retargetMouseEvent(Ljava/awt/Component;ILjava/awt/event/MouseEvent;)V+349 java.desktop@13.0.1
j  java.awt.LightweightDispatcher.processMouseEvent(Ljava/awt/event/MouseEvent;)Z+171 java.desktop@13.0.1
j  java.awt.LightweightDispatcher.dispatchEvent(Ljava/awt/AWTEvent;)Z+50 java.desktop@13.0.1
J 1774 c1 java.awt.Container.dispatchEventImpl(Ljava/awt/AWTEvent;)V java.desktop@13.0.1 (129 bytes) @ 0x00000205319d065c [0x00000205319d0560+0x00000000000000fc]
j  java.awt.Window.dispatchEventImpl(Ljava/awt/AWTEvent;)V+19 java.desktop@13.0.1
J 1751 c1 java.awt.EventQueue.dispatchEventImpl(Ljava/awt/AWTEvent;Ljava/lang/Object;)V java.desktop@13.0.1 (136 bytes) @ 0x00000205319c65c4 [0x00000205319c60a0+0x0000000000000524]
J 1754 c1 java.awt.EventQueue$4.run()Ljava/lang/Void; java.desktop@13.0.1 (60 bytes) @ 0x00000205319c8d64 [0x00000205319c8c00+0x0000000000000164]
J 1753 c1 java.awt.EventQueue$4.run()Ljava/lang/Object; java.desktop@13.0.1 (5 bytes) @ 0x00000205319c8854 [0x00000205319c87c0+0x0000000000000094]
J 1676 c1 java.security.ProtectionDomain$JavaSecurityAccessImpl.doIntersectionPrivilege(Ljava/security/PrivilegedAction;Ljava/security/AccessControlContext;Ljava/security/AccessControlContext;)Ljava/lang/Object; java.base@13.0.1 (22 bytes) @ 0x000002053198d024 [0x000002053198cb00+0x0000000000000524]
J 1683 c1 java.awt.EventQueue.dispatchEvent(Ljava/awt/AWTEvent;)V java.desktop@13.0.1 (80 bytes) @ 0x0000020531992634 [0x0000020531991600+0x0000000000001034]
J 1685 c1 java.awt.EventDispatchThread.pumpOneEventForFilters(I)V java.desktop@13.0.1 (113 bytes) @ 0x0000020531994744 [0x0000020531993fa0+0x00000000000007a4]
j  java.awt.EventDispatchThread.pumpEventsForFilter(ILjava/awt/Conditional;Ljava/awt/EventFilter;)V+35 java.desktop@13.0.1
j  java.awt.EventDispatchThread.pumpEventsForHierarchy(ILjava/awt/Conditional;Ljava/awt/Component;)V+11 java.desktop@13.0.1
j  java.awt.EventDispatchThread.pumpEvents(ILjava/awt/Conditional;)V+4 java.desktop@13.0.1
j  java.awt.EventDispatchThread.pumpEvents(Ljava/awt/Conditional;)V+3 java.desktop@13.0.1
j  java.awt.EventDispatchThread.run()V+9 java.desktop@13.0.1
v  ~StubRoutines::call_stub

siginfo: EXCEPTION_ACCESS_VIOLATION (0xc0000005), reading address 0x000001bfc88b4907


Register to memory mapping:

RIP=0x00007ffad8cdc7e0 jvm.dll
RAX=0x000001bfc88b48ff is an unknown value
RBX=0x000002054af8a000 is a thread
RCX=0x000002054af8a020 points into unknown readable memory: 70 32 1e d9 fa 7f 00 00
RDX=0x0000000000000002 is an unknown value
RSP=0x000000b9751fd460 is pointing into the stack for thread: 0x000002054af8a000
RBP=0x000000b9751fd700 is pointing into the stack for thread: 0x000002054af8a000
RSI=0x000002054af8a000 is a thread
RDI=0x00007ffad8ef2b3f jvm.dll
R8 =0x000001bfc88b48ff is an unknown value
R9 =0x0 is NULL
R10=0x00007ffb2630f310 sqljdbc_auth.dll
R11=0x000000074d676640 is pointing into object: [B 
{0x000000074d676630} - klass: {type array byte}
 - length: 47
R12=0x0 is NULL
R13=0x000000b9751fd828 is pointing into the stack for thread: 0x000002054af8a000
R14=0x000002054af8a310 points into unknown readable memory: 50 e8 30 d9 fa 7f 00 00
R15=0x0 is NULL


Registers:
RAX=0x000001bfc88b48ff, RBX=0x000002054af8a000, RCX=0x000002054af8a020, RDX=0x0000000000000002
RSP=0x000000b9751fd460, RBP=0x000000b9751fd700, RSI=0x000002054af8a000, RDI=0x00007ffad8ef2b3f
R8 =0x000001bfc88b48ff, R9 =0x0000000000000000, R10=0x00007ffb2630f310, R11=0x000000074d676640
R12=0x0000000000000000, R13=0x000000b9751fd828, R14=0x000002054af8a310, R15=0x0000000000000000
RIP=0x00007ffad8cdc7e0, EFLAGS=0x0000000000010202

Top of Stack: (sp=0x000000b9751fd460)
0x000000b9751fd460:   000002054af8a000 000000b9751fd700
0x000000b9751fd470:   000002054af8a000 0000000000000000
0x000000b9751fd480:   000002054af8a000 0000000000000000
0x000000b9751fd490:   0000000000000000 000000b9751fd820
0x000000b9751fd4a0:   000000b9751fd820 00007ffb262e714f
0x000000b9751fd4b0:   000002054af8a310 000000b9751fd7b8
0x000000b9751fd4c0:   00007ffad8ef2b3f 000002054ab1bb60
0x000000b9751fd4d0:   0000000001000000 000000b9751fd430
0x000000b9751fd4e0:   0000000000000000 0000000000000000
0x000000b9751fd4f0:   0000000000000000 0000000000000000
0x000000b9751fd500:   0000000000000000 0000000000000000
0x000000b9751fd510:   0000000000000000 0000000000000000
0x000000b9751fd520:   0000000002000000 0000000000000000
0x000000b9751fd530:   0000000000000000 000000b9751fd7f0
0x000000b9751fd540:   000000b9751fd808 0000000000000000
0x000000b9751fd550:   0000000000000000 0000000000000000 

Instructions: (pc=0x00007ffad8cdc7e0)
0x00007ffad8cdc6e0:   48 8b 47 20 48 89 41 20 c7 83 88 03 00 00 07 00
0x00007ffad8cdc6f0:   00 00 e8 19 c3 24 00 83 3d 02 fe 6c 00 01 75 0f
0x00007ffad8cdc700:   48 8b 8b 08 01 00 00 c0 e9 03 f6 c1 01 74 08 48
0x00007ffad8cdc710:   8b cb e8 29 24 2c 00 48 8b c6 c7 83 88 03 00 00
0x00007ffad8cdc720:   04 00 00 00 48 81 c4 b0 00 00 00 41 5e 5f 5e 5d
0x00007ffad8cdc730:   5b c3 cc cc cc cc cc cc cc cc cc cc cc cc cc cc
0x00007ffad8cdc740:   48 89 5c 24 08 48 89 6c 24 10 48 89 74 24 18 48
0x00007ffad8cdc750:   89 7c 24 20 41 56 48 83 ec 40 8b 81 90 00 00 00
0x00007ffad8cdc760:   48 8d b1 f0 fc ff ff 05 55 21 ff ff 48 8b fa 4c
0x00007ffad8cdc770:   8b f1 83 f8 01 76 0d 48 8b ce 40 b5 01 e8 be 53
0x00007ffad8cdc780:   36 00 eb 03 40 32 ed 33 db ba 06 00 00 00 40 84
0x00007ffad8cdc790:   ed 48 0f 44 de 48 8b cb e8 23 1c d7 ff 48 83 7b
0x00007ffad8cdc7a0:   08 00 48 89 5c 24 20 48 c7 44 24 28 00 00 00 00
0x00007ffad8cdc7b0:   74 0a 48 8d 4c 24 20 e8 44 d8 28 00 40 f6 c7 01
0x00007ffad8cdc7c0:   74 0c 48 8d 4f ff ff 15 c4 df 62 00 eb 09 48 8b
0x00007ffad8cdc7d0:   cf ff 15 b1 df 62 00 80 3d e3 54 6b 00 00 74 15
0x00007ffad8cdc7e0:   8b 40 08 8b 0d f7 f6 62 00 48 d3 e0 48 03 05 e5
0x00007ffad8cdc7f0:   f6 62 00 eb 04 48 8b 40 08 48 8b c8 e8 7f e6 13
0x00007ffad8cdc800:   00 48 8b d0 49 8b ce e8 d4 1c 02 00 48 83 7c 24
0x00007ffad8cdc810:   28 00 48 8b f0 74 0a 48 8d 4c 24 20 e8 7f d8 28
0x00007ffad8cdc820:   00 48 8b bb f0 00 00 00 48 8b 4f 10 48 83 39 00
0x00007ffad8cdc830:   74 0c 48 8b cf e8 b6 96 f7 ff 48 8b 4f 10 48 8b
0x00007ffad8cdc840:   47 08 48 89 48 10 48 8b 4f 08 48 8b 47 18 48 89
0x00007ffad8cdc850:   41 18 48 8b 4f 08 48 8b 47 20 48 89 41 20 c7 83
0x00007ffad8cdc860:   88 03 00 00 07 00 00 00 e8 a3 c1 24 00 83 3d 8c
0x00007ffad8cdc870:   fc 6c 00 01 75 0e 48 8b 83 08 01 00 00 c0 e8 03
0x00007ffad8cdc880:   a8 01 74 08 48 8b cb e8 b4 22 2c 00 48 8b 6c 24
0x00007ffad8cdc890:   58 48 8b c6 48 8b 74 24 60 48 8b 7c 24 68 c7 83
0x00007ffad8cdc8a0:   88 03 00 00 04 00 00 00 48 8b 5c 24 50 48 83 c4
0x00007ffad8cdc8b0:   40 41 5e c3 cc cc cc cc cc cc cc cc cc cc cc cc
0x00007ffad8cdc8c0:   48 89 5c 24 08 48 89 6c 24 10 48 89 74 24 18 48
0x00007ffad8cdc8d0:   89 7c 24 20 41 56 48 83 ec 20 8b 81 90 00 00 00 


Stack slot to memory mapping:
stack at sp + 0 slots: 0x000002054af8a000 is a thread
stack at sp + 1 slots: 0x000000b9751fd700 is pointing into the stack for thread: 0x000002054af8a000
stack at sp + 2 slots: 0x000002054af8a000 is a thread
stack at sp + 3 slots: 0x0 is NULL
stack at sp + 4 slots: 0x000002054af8a000 is a thread
stack at sp + 5 slots: 0x0 is NULL
stack at sp + 6 slots: 0x0 is NULL
stack at sp + 7 slots: 0x000000b9751fd820 is pointing into the stack for thread: 0x000002054af8a000


---------------  P R O C E S S  ---------------

Threads class SMR info:
_java_thread_list=0x000002054b22e300, length=16, elements={
0x000002054a14c800, 0x000002054a14e000, 0x000002054a168000, 0x000002054a16c000,
0x000002054a16d000, 0x000002054a17a000, 0x000002054a183000, 0x000002054a123000,
0x000002054b8da000, 0x000002054b57c000, 0x000002054b60e800, 0x000002054ba56000,
0x000002054af8a000, 0x0000020528bdc800, 0x000002054c45a000, 0x000002054b6a8000
}

Java Threads: ( => current thread )
  0x000002054a14c800 JavaThread "Reference Handler" daemon [_thread_blocked, id=20288, stack(0x000000b974200000,0x000000b974300000)]
  0x000002054a14e000 JavaThread "Finalizer" daemon [_thread_blocked, id=14868, stack(0x000000b974300000,0x000000b974400000)]
  0x000002054a168000 JavaThread "Signal Dispatcher" daemon [_thread_blocked, id=5072, stack(0x000000b974400000,0x000000b974500000)]
  0x000002054a16c000 JavaThread "Attach Listener" daemon [_thread_blocked, id=26364, stack(0x000000b974500000,0x000000b974600000)]
  0x000002054a16d000 JavaThread "C2 CompilerThread0" daemon [_thread_blocked, id=25912, stack(0x000000b974600000,0x000000b974700000)]
  0x000002054a17a000 JavaThread "C1 CompilerThread0" daemon [_thread_blocked, id=18860, stack(0x000000b974700000,0x000000b974800000)]
  0x000002054a183000 JavaThread "Sweeper thread" daemon [_thread_blocked, id=28564, stack(0x000000b974800000,0x000000b974900000)]
  0x000002054a123000 JavaThread "Common-Cleaner" daemon [_thread_blocked, id=12848, stack(0x000000b974900000,0x000000b974a00000)]
  0x000002054b8da000 JavaThread "Service Thread" daemon [_thread_blocked, id=13020, stack(0x000000b974c00000,0x000000b974d00000)]
  0x000002054b57c000 JavaThread "Java2D Disposer" daemon [_thread_blocked, id=13784, stack(0x000000b974e00000,0x000000b974f00000)]
  0x000002054b60e800 JavaThread "AWT-Shutdown" [_thread_blocked, id=28172, stack(0x000000b974f00000,0x000000b975000000)]
  0x000002054ba56000 JavaThread "AWT-Windows" daemon [_thread_in_native, id=13572, stack(0x000000b975000000,0x000000b975100000)]
=>0x000002054af8a000 JavaThread "AWT-EventQueue-0" [_thread_in_vm, id=18800, stack(0x000000b975100000,0x000000b975200000)]
  0x0000020528bdc800 JavaThread "DestroyJavaVM" [_thread_blocked, id=17856, stack(0x000000b973b00000,0x000000b973c00000)]
  0x000002054c45a000 JavaThread "TimerQueue" daemon [_thread_blocked, id=12988, stack(0x000000b975500000,0x000000b975600000)]
  0x000002054b6a8000 JavaThread "C2 CompilerThread1" daemon [_thread_blocked, id=20600, stack(0x000000b974a00000,0x000000b974b00000)]

Other Threads:
  0x000002054a149000 VMThread "VM Thread" [stack: 0x000000b974100000,0x000000b974200000] [id=27820]
  0x000002054b53a800 WatcherThread [stack: 0x000000b974d00000,0x000000b974e00000] [id=8108]
  0x0000020528c33000 GCTaskThread "GC Thread#0" [stack: 0x000000b973c00000,0x000000b973d00000] [id=24728]
  0x000002054b716800 GCTaskThread "GC Thread#1" [stack: 0x000000b975600000,0x000000b975700000] [id=17136]
  0x000002054b717000 GCTaskThread "GC Thread#2" [stack: 0x000000b975700000,0x000000b975800000] [id=28604]
  0x000002054ac2b000 GCTaskThread "GC Thread#3" [stack: 0x000000b975800000,0x000000b975900000] [id=8200]
  0x000002054ac2c000 GCTaskThread "GC Thread#4" [stack: 0x000000b975900000,0x000000b975a00000] [id=10280]
  0x000002054ac2f800 GCTaskThread "GC Thread#5" [stack: 0x000000b975a00000,0x000000b975b00000] [id=33964]
  0x0000020528c4d000 ConcurrentGCThread "G1 Main Marker" [stack: 0x000000b973d00000,0x000000b973e00000] [id=13904]
  0x0000020528c52800 ConcurrentGCThread "G1 Conc#0" [stack: 0x000000b973e00000,0x000000b973f00000] [id=19508]
  0x000002054a035800 ConcurrentGCThread "G1 Refine#0" [stack: 0x000000b973f00000,0x000000b974000000] [id=29424]
  0x000002054aba0000 ConcurrentGCThread "G1 Refine#1" [stack: 0x000000b975b00000,0x000000b975c00000] [id=16488]
  0x000002054a036800 ConcurrentGCThread "G1 Young RemSet Sampling" [stack: 0x000000b974000000,0x000000b974100000] [id=30472]

Threads with active compile tasks:

VM state:not at safepoint (normal execution)

VM Mutex/Monitor currently owned by a thread: None

Heap address: 0x0000000741c00000, size: 3044 MB, Compressed Oops mode: Zero based, Oop shift amount: 3
Narrow klass base: 0x0000000800000000, Narrow klass shift: 3
Compressed class space size: 1073741824 Address: 0x0000000800b40000

Heap:
 garbage-first heap   total 196608K, used 13966K [0x0000000741c00000, 0x0000000800000000)
  region size 1024K, 9 young (9216K), 3 survivors (3072K)
 Metaspace       used 17459K, capacity 17846K, committed 18048K, reserved 1064960K
  class space    used 1971K, capacity 2144K, committed 2176K, reserved 1048576K
Heap Regions: E=young(eden), S=young(survivor), O=old, HS=humongous(starts), HC=humongous(continues), CS=collection set, F=free, A=archive, TAMS=top-at-mark-start (previous, next)
|   0|0x0000000741c00000, 0x0000000741d00000, 0x0000000741d00000|100%|HS|  |TAMS 0x0000000741c00000, 0x0000000741c00000| Complete 
|   1|0x0000000741d00000, 0x0000000741e00000, 0x0000000741e00000|100%|HC|  |TAMS 0x0000000741d00000, 0x0000000741d00000| Complete 
|   2|0x0000000741e00000, 0x0000000741f00000, 0x0000000741f00000|100%| O|  |TAMS 0x0000000741e00000, 0x0000000741e00000| Untracked 
|   3|0x0000000741f00000, 0x0000000742000000, 0x0000000742000000|100%| O|  |TAMS 0x0000000741f00000, 0x0000000741f00000| Untracked 
|   4|0x0000000742000000, 0x0000000742100000, 0x0000000742100000|100%| O|  |TAMS 0x0000000742000000, 0x0000000742000000| Untracked 
|   5|0x0000000742100000, 0x00000007421a3a00, 0x0000000742200000| 63%| O|  |TAMS 0x0000000742100000, 0x0000000742100000| Untracked 
|   6|0x0000000742200000, 0x0000000742200000, 0x0000000742300000|  0%| F|  |TAMS 0x0000000742200000, 0x0000000742200000| Untracked 
|   7|0x0000000742300000, 0x0000000742300000, 0x0000000742400000|  0%| F|  |TAMS 0x0000000742300000, 0x0000000742300000| Untracked 
|   8|0x0000000742400000, 0x0000000742400000, 0x0000000742500000|  0%| F|  |TAMS 0x0000000742400000, 0x0000000742400000| Untracked 
|   9|0x0000000742500000, 0x0000000742500000, 0x0000000742600000|  0%| F|  |TAMS 0x0000000742500000, 0x0000000742500000| Untracked 
|  10|0x0000000742600000, 0x0000000742600000, 0x0000000742700000|  0%| F|  |TAMS 0x0000000742600000, 0x0000000742600000| Untracked 
|  11|0x0000000742700000, 0x0000000742700000, 0x0000000742800000|  0%| F|  |TAMS 0x0000000742700000, 0x0000000742700000| Untracked 
|  12|0x0000000742800000, 0x0000000742800000, 0x0000000742900000|  0%| F|  |TAMS 0x0000000742800000, 0x0000000742800000| Untracked 
|  13|0x0000000742900000, 0x0000000742900000, 0x0000000742a00000|  0%| F|  |TAMS 0x0000000742900000, 0x0000000742900000| Untracked 
|  14|0x0000000742a00000, 0x0000000742a00000, 0x0000000742b00000|  0%| F|  |TAMS 0x0000000742a00000, 0x0000000742a00000| Untracked 
|  15|0x0000000742b00000, 0x0000000742b00000, 0x0000000742c00000|  0%| F|  |TAMS 0x0000000742b00000, 0x0000000742b00000| Untracked 
|  16|0x0000000742c00000, 0x0000000742c00000, 0x0000000742d00000|  0%| F|  |TAMS 0x0000000742c00000, 0x0000000742c00000| Untracked 
|  17|0x0000000742d00000, 0x0000000742d00000, 0x0000000742e00000|  0%| F|  |TAMS 0x0000000742d00000, 0x0000000742d00000| Untracked 
|  18|0x0000000742e00000, 0x0000000742e00000, 0x0000000742f00000|  0%| F|  |TAMS 0x0000000742e00000, 0x0000000742e00000| Untracked 
|  19|0x0000000742f00000, 0x0000000742f00000, 0x0000000743000000|  0%| F|  |TAMS 0x0000000742f00000, 0x0000000742f00000| Untracked 
|  20|0x0000000743000000, 0x0000000743000000, 0x0000000743100000|  0%| F|  |TAMS 0x0000000743000000, 0x0000000743000000| Untracked 
|  21|0x0000000743100000, 0x0000000743100000, 0x0000000743200000|  0%| F|  |TAMS 0x0000000743100000, 0x0000000743100000| Untracked 
|  22|0x0000000743200000, 0x0000000743200000, 0x0000000743300000|  0%| F|  |TAMS 0x0000000743200000, 0x0000000743200000| Untracked 
|  23|0x0000000743300000, 0x0000000743300000, 0x0000000743400000|  0%| F|  |TAMS 0x0000000743300000, 0x0000000743300000| Untracked 
|  24|0x0000000743400000, 0x0000000743400000, 0x0000000743500000|  0%| F|  |TAMS 0x0000000743400000, 0x0000000743400000| Untracked 
|  25|0x0000000743500000, 0x0000000743500000, 0x0000000743600000|  0%| F|  |TAMS 0x0000000743500000, 0x0000000743500000| Untracked 
|  26|0x0000000743600000, 0x0000000743600000, 0x0000000743700000|  0%| F|  |TAMS 0x0000000743600000, 0x0000000743600000| Untracked 
|  27|0x0000000743700000, 0x0000000743700000, 0x0000000743800000|  0%| F|  |TAMS 0x0000000743700000, 0x0000000743700000| Untracked 
|  28|0x0000000743800000, 0x0000000743800000, 0x0000000743900000|  0%| F|  |TAMS 0x0000000743800000, 0x0000000743800000| Untracked 
|  29|0x0000000743900000, 0x0000000743900000, 0x0000000743a00000|  0%| F|  |TAMS 0x0000000743900000, 0x0000000743900000| Untracked 
|  30|0x0000000743a00000, 0x0000000743a00000, 0x0000000743b00000|  0%| F|  |TAMS 0x0000000743a00000, 0x0000000743a00000| Untracked 
|  31|0x0000000743b00000, 0x0000000743b00000, 0x0000000743c00000|  0%| F|  |TAMS 0x0000000743b00000, 0x0000000743b00000| Untracked 
|  32|0x0000000743c00000, 0x0000000743c00000, 0x0000000743d00000|  0%| F|  |TAMS 0x0000000743c00000, 0x0000000743c00000| Untracked 
|  33|0x0000000743d00000, 0x0000000743d00000, 0x0000000743e00000|  0%| F|  |TAMS 0x0000000743d00000, 0x0000000743d00000| Untracked 
|  34|0x0000000743e00000, 0x0000000743e00000, 0x0000000743f00000|  0%| F|  |TAMS 0x0000000743e00000, 0x0000000743e00000| Untracked 
|  35|0x0000000743f00000, 0x0000000743f00000, 0x0000000744000000|  0%| F|  |TAMS 0x0000000743f00000, 0x0000000743f00000| Untracked 
|  36|0x0000000744000000, 0x0000000744000000, 0x0000000744100000|  0%| F|  |TAMS 0x0000000744000000, 0x0000000744000000| Untracked 
|  37|0x0000000744100000, 0x0000000744100000, 0x0000000744200000|  0%| F|  |TAMS 0x0000000744100000, 0x0000000744100000| Untracked 
|  38|0x0000000744200000, 0x0000000744200000, 0x0000000744300000|  0%| F|  |TAMS 0x0000000744200000, 0x0000000744200000| Untracked 
|  39|0x0000000744300000, 0x0000000744300000, 0x0000000744400000|  0%| F|  |TAMS 0x0000000744300000, 0x0000000744300000| Untracked 
|  40|0x0000000744400000, 0x0000000744400000, 0x0000000744500000|  0%| F|  |TAMS 0x0000000744400000, 0x0000000744400000| Untracked 
|  41|0x0000000744500000, 0x0000000744500000, 0x0000000744600000|  0%| F|  |TAMS 0x0000000744500000, 0x0000000744500000| Untracked 
|  42|0x0000000744600000, 0x0000000744600000, 0x0000000744700000|  0%| F|  |TAMS 0x0000000744600000, 0x0000000744600000| Untracked 
|  43|0x0000000744700000, 0x0000000744700000, 0x0000000744800000|  0%| F|  |TAMS 0x0000000744700000, 0x0000000744700000| Untracked 
|  44|0x0000000744800000, 0x0000000744800000, 0x0000000744900000|  0%| F|  |TAMS 0x0000000744800000, 0x0000000744800000| Untracked 
|  45|0x0000000744900000, 0x0000000744900000, 0x0000000744a00000|  0%| F|  |TAMS 0x0000000744900000, 0x0000000744900000| Untracked 
|  46|0x0000000744a00000, 0x0000000744a00000, 0x0000000744b00000|  0%| F|  |TAMS 0x0000000744a00000, 0x0000000744a00000| Untracked 
|  47|0x0000000744b00000, 0x0000000744b00000, 0x0000000744c00000|  0%| F|  |TAMS 0x0000000744b00000, 0x0000000744b00000| Untracked 
|  48|0x0000000744c00000, 0x0000000744c00000, 0x0000000744d00000|  0%| F|  |TAMS 0x0000000744c00000, 0x0000000744c00000| Untracked 
|  49|0x0000000744d00000, 0x0000000744d00000, 0x0000000744e00000|  0%| F|  |TAMS 0x0000000744d00000, 0x0000000744d00000| Untracked 
|  50|0x0000000744e00000, 0x0000000744e00000, 0x0000000744f00000|  0%| F|  |TAMS 0x0000000744e00000, 0x0000000744e00000| Untracked 
|  51|0x0000000744f00000, 0x0000000744f00000, 0x0000000745000000|  0%| F|  |TAMS 0x0000000744f00000, 0x0000000744f00000| Untracked 
|  52|0x0000000745000000, 0x0000000745000000, 0x0000000745100000|  0%| F|  |TAMS 0x0000000745000000, 0x0000000745000000| Untracked 
|  53|0x0000000745100000, 0x0000000745100000, 0x0000000745200000|  0%| F|  |TAMS 0x0000000745100000, 0x0000000745100000| Untracked 
|  54|0x0000000745200000, 0x0000000745200000, 0x0000000745300000|  0%| F|  |TAMS 0x0000000745200000, 0x0000000745200000| Untracked 
|  55|0x0000000745300000, 0x0000000745300000, 0x0000000745400000|  0%| F|  |TAMS 0x0000000745300000, 0x0000000745300000| Untracked 
|  56|0x0000000745400000, 0x0000000745400000, 0x0000000745500000|  0%| F|  |TAMS 0x0000000745400000, 0x0000000745400000| Untracked 
|  57|0x0000000745500000, 0x0000000745500000, 0x0000000745600000|  0%| F|  |TAMS 0x0000000745500000, 0x0000000745500000| Untracked 
|  58|0x0000000745600000, 0x0000000745600000, 0x0000000745700000|  0%| F|  |TAMS 0x0000000745600000, 0x0000000745600000| Untracked 
|  59|0x0000000745700000, 0x0000000745700000, 0x0000000745800000|  0%| F|  |TAMS 0x0000000745700000, 0x0000000745700000| Untracked 
|  60|0x0000000745800000, 0x0000000745800000, 0x0000000745900000|  0%| F|  |TAMS 0x0000000745800000, 0x0000000745800000| Untracked 
|  61|0x0000000745900000, 0x0000000745900000, 0x0000000745a00000|  0%| F|  |TAMS 0x0000000745900000, 0x0000000745900000| Untracked 
|  62|0x0000000745a00000, 0x0000000745a00000, 0x0000000745b00000|  0%| F|  |TAMS 0x0000000745a00000, 0x0000000745a00000| Untracked 
|  63|0x0000000745b00000, 0x0000000745b00000, 0x0000000745c00000|  0%| F|  |TAMS 0x0000000745b00000, 0x0000000745b00000| Untracked 
|  64|0x0000000745c00000, 0x0000000745c00000, 0x0000000745d00000|  0%| F|  |TAMS 0x0000000745c00000, 0x0000000745c00000| Untracked 
|  65|0x0000000745d00000, 0x0000000745d00000, 0x0000000745e00000|  0%| F|  |TAMS 0x0000000745d00000, 0x0000000745d00000| Untracked 
|  66|0x0000000745e00000, 0x0000000745e00000, 0x0000000745f00000|  0%| F|  |TAMS 0x0000000745e00000, 0x0000000745e00000| Untracked 
|  67|0x0000000745f00000, 0x0000000745f00000, 0x0000000746000000|  0%| F|  |TAMS 0x0000000745f00000, 0x0000000745f00000| Untracked 
|  68|0x0000000746000000, 0x0000000746000000, 0x0000000746100000|  0%| F|  |TAMS 0x0000000746000000, 0x0000000746000000| Untracked 
|  69|0x0000000746100000, 0x0000000746100000, 0x0000000746200000|  0%| F|  |TAMS 0x0000000746100000, 0x0000000746100000| Untracked 
|  70|0x0000000746200000, 0x0000000746200000, 0x0000000746300000|  0%| F|  |TAMS 0x0000000746200000, 0x0000000746200000| Untracked 
|  71|0x0000000746300000, 0x0000000746300000, 0x0000000746400000|  0%| F|  |TAMS 0x0000000746300000, 0x0000000746300000| Untracked 
|  72|0x0000000746400000, 0x0000000746400000, 0x0000000746500000|  0%| F|  |TAMS 0x0000000746400000, 0x0000000746400000| Untracked 
|  73|0x0000000746500000, 0x0000000746500000, 0x0000000746600000|  0%| F|  |TAMS 0x0000000746500000, 0x0000000746500000| Untracked 
|  74|0x0000000746600000, 0x0000000746600000, 0x0000000746700000|  0%| F|  |TAMS 0x0000000746600000, 0x0000000746600000| Untracked 
|  75|0x0000000746700000, 0x0000000746700000, 0x0000000746800000|  0%| F|  |TAMS 0x0000000746700000, 0x0000000746700000| Untracked 
|  76|0x0000000746800000, 0x0000000746800000, 0x0000000746900000|  0%| F|  |TAMS 0x0000000746800000, 0x0000000746800000| Untracked 
|  77|0x0000000746900000, 0x0000000746900000, 0x0000000746a00000|  0%| F|  |TAMS 0x0000000746900000, 0x0000000746900000| Untracked 
|  78|0x0000000746a00000, 0x0000000746a00000, 0x0000000746b00000|  0%| F|  |TAMS 0x0000000746a00000, 0x0000000746a00000| Untracked 
|  79|0x0000000746b00000, 0x0000000746b00000, 0x0000000746c00000|  0%| F|  |TAMS 0x0000000746b00000, 0x0000000746b00000| Untracked 
|  80|0x0000000746c00000, 0x0000000746c00000, 0x0000000746d00000|  0%| F|  |TAMS 0x0000000746c00000, 0x0000000746c00000| Untracked 
|  81|0x0000000746d00000, 0x0000000746d00000, 0x0000000746e00000|  0%| F|  |TAMS 0x0000000746d00000, 0x0000000746d00000| Untracked 
|  82|0x0000000746e00000, 0x0000000746e00000, 0x0000000746f00000|  0%| F|  |TAMS 0x0000000746e00000, 0x0000000746e00000| Untracked 
|  83|0x0000000746f00000, 0x0000000746f00000, 0x0000000747000000|  0%| F|  |TAMS 0x0000000746f00000, 0x0000000746f00000| Untracked 
|  84|0x0000000747000000, 0x0000000747000000, 0x0000000747100000|  0%| F|  |TAMS 0x0000000747000000, 0x0000000747000000| Untracked 
|  85|0x0000000747100000, 0x0000000747100000, 0x0000000747200000|  0%| F|  |TAMS 0x0000000747100000, 0x0000000747100000| Untracked 
|  86|0x0000000747200000, 0x0000000747200000, 0x0000000747300000|  0%| F|  |TAMS 0x0000000747200000, 0x0000000747200000| Untracked 
|  87|0x0000000747300000, 0x0000000747300000, 0x0000000747400000|  0%| F|  |TAMS 0x0000000747300000, 0x0000000747300000| Untracked 
|  88|0x0000000747400000, 0x0000000747400000, 0x0000000747500000|  0%| F|  |TAMS 0x0000000747400000, 0x0000000747400000| Untracked 
|  89|0x0000000747500000, 0x0000000747500000, 0x0000000747600000|  0%| F|  |TAMS 0x0000000747500000, 0x0000000747500000| Untracked 
|  90|0x0000000747600000, 0x0000000747600000, 0x0000000747700000|  0%| F|  |TAMS 0x0000000747600000, 0x0000000747600000| Untracked 
|  91|0x0000000747700000, 0x0000000747700000, 0x0000000747800000|  0%| F|  |TAMS 0x0000000747700000, 0x0000000747700000| Untracked 
|  92|0x0000000747800000, 0x0000000747800000, 0x0000000747900000|  0%| F|  |TAMS 0x0000000747800000, 0x0000000747800000| Untracked 
|  93|0x0000000747900000, 0x0000000747900000, 0x0000000747a00000|  0%| F|  |TAMS 0x0000000747900000, 0x0000000747900000| Untracked 
|  94|0x0000000747a00000, 0x0000000747a00000, 0x0000000747b00000|  0%| F|  |TAMS 0x0000000747a00000, 0x0000000747a00000| Untracked 
|  95|0x0000000747b00000, 0x0000000747b00000, 0x0000000747c00000|  0%| F|  |TAMS 0x0000000747b00000, 0x0000000747b00000| Untracked 
|  96|0x0000000747c00000, 0x0000000747c00000, 0x0000000747d00000|  0%| F|  |TAMS 0x0000000747c00000, 0x0000000747c00000| Untracked 
|  97|0x0000000747d00000, 0x0000000747d00000, 0x0000000747e00000|  0%| F|  |TAMS 0x0000000747d00000, 0x0000000747d00000| Untracked 
|  98|0x0000000747e00000, 0x0000000747e00000, 0x0000000747f00000|  0%| F|  |TAMS 0x0000000747e00000, 0x0000000747e00000| Untracked 
|  99|0x0000000747f00000, 0x0000000747f00000, 0x0000000748000000|  0%| F|  |TAMS 0x0000000747f00000, 0x0000000747f00000| Untracked 
| 100|0x0000000748000000, 0x0000000748000000, 0x0000000748100000|  0%| F|  |TAMS 0x0000000748000000, 0x0000000748000000| Untracked 
| 101|0x0000000748100000, 0x0000000748100000, 0x0000000748200000|  0%| F|  |TAMS 0x0000000748100000, 0x0000000748100000| Untracked 
| 102|0x0000000748200000, 0x0000000748200000, 0x0000000748300000|  0%| F|  |TAMS 0x0000000748200000, 0x0000000748200000| Untracked 
| 103|0x0000000748300000, 0x0000000748300000, 0x0000000748400000|  0%| F|  |TAMS 0x0000000748300000, 0x0000000748300000| Untracked 
| 104|0x0000000748400000, 0x0000000748400000, 0x0000000748500000|  0%| F|  |TAMS 0x0000000748400000, 0x0000000748400000| Untracked 
| 105|0x0000000748500000, 0x0000000748500000, 0x0000000748600000|  0%| F|  |TAMS 0x0000000748500000, 0x0000000748500000| Untracked 
| 106|0x0000000748600000, 0x0000000748600000, 0x0000000748700000|  0%| F|  |TAMS 0x0000000748600000, 0x0000000748600000| Untracked 
| 107|0x0000000748700000, 0x0000000748700000, 0x0000000748800000|  0%| F|  |TAMS 0x0000000748700000, 0x0000000748700000| Untracked 
| 108|0x0000000748800000, 0x0000000748800000, 0x0000000748900000|  0%| F|  |TAMS 0x0000000748800000, 0x0000000748800000| Untracked 
| 109|0x0000000748900000, 0x0000000748900000, 0x0000000748a00000|  0%| F|  |TAMS 0x0000000748900000, 0x0000000748900000| Untracked 
| 110|0x0000000748a00000, 0x0000000748a00000, 0x0000000748b00000|  0%| F|  |TAMS 0x0000000748a00000, 0x0000000748a00000| Untracked 
| 111|0x0000000748b00000, 0x0000000748b00000, 0x0000000748c00000|  0%| F|  |TAMS 0x0000000748b00000, 0x0000000748b00000| Untracked 
| 112|0x0000000748c00000, 0x0000000748c00000, 0x0000000748d00000|  0%| F|  |TAMS 0x0000000748c00000, 0x0000000748c00000| Untracked 
| 113|0x0000000748d00000, 0x0000000748d00000, 0x0000000748e00000|  0%| F|  |TAMS 0x0000000748d00000, 0x0000000748d00000| Untracked 
| 114|0x0000000748e00000, 0x0000000748e00000, 0x0000000748f00000|  0%| F|  |TAMS 0x0000000748e00000, 0x0000000748e00000| Untracked 
| 115|0x0000000748f00000, 0x0000000748f00000, 0x0000000749000000|  0%| F|  |TAMS 0x0000000748f00000, 0x0000000748f00000| Untracked 
| 116|0x0000000749000000, 0x0000000749000000, 0x0000000749100000|  0%| F|  |TAMS 0x0000000749000000, 0x0000000749000000| Untracked 
| 117|0x0000000749100000, 0x0000000749100000, 0x0000000749200000|  0%| F|  |TAMS 0x0000000749100000, 0x0000000749100000| Untracked 
| 118|0x0000000749200000, 0x0000000749200000, 0x0000000749300000|  0%| F|  |TAMS 0x0000000749200000, 0x0000000749200000| Untracked 
| 119|0x0000000749300000, 0x0000000749300000, 0x0000000749400000|  0%| F|  |TAMS 0x0000000749300000, 0x0000000749300000| Untracked 
| 120|0x0000000749400000, 0x0000000749400000, 0x0000000749500000|  0%| F|  |TAMS 0x0000000749400000, 0x0000000749400000| Untracked 
| 121|0x0000000749500000, 0x0000000749500000, 0x0000000749600000|  0%| F|  |TAMS 0x0000000749500000, 0x0000000749500000| Untracked 
| 122|0x0000000749600000, 0x0000000749600000, 0x0000000749700000|  0%| F|  |TAMS 0x0000000749600000, 0x0000000749600000| Untracked 
| 123|0x0000000749700000, 0x0000000749700000, 0x0000000749800000|  0%| F|  |TAMS 0x0000000749700000, 0x0000000749700000| Untracked 
| 124|0x0000000749800000, 0x0000000749800000, 0x0000000749900000|  0%| F|  |TAMS 0x0000000749800000, 0x0000000749800000| Untracked 
| 125|0x0000000749900000, 0x0000000749900000, 0x0000000749a00000|  0%| F|  |TAMS 0x0000000749900000, 0x0000000749900000| Untracked 
| 126|0x0000000749a00000, 0x0000000749a00000, 0x0000000749b00000|  0%| F|  |TAMS 0x0000000749a00000, 0x0000000749a00000| Untracked 
| 127|0x0000000749b00000, 0x0000000749b00000, 0x0000000749c00000|  0%| F|  |TAMS 0x0000000749b00000, 0x0000000749b00000| Untracked 
| 128|0x0000000749c00000, 0x0000000749c00000, 0x0000000749d00000|  0%| F|  |TAMS 0x0000000749c00000, 0x0000000749c00000| Untracked 
| 129|0x0000000749d00000, 0x0000000749d00000, 0x0000000749e00000|  0%| F|  |TAMS 0x0000000749d00000, 0x0000000749d00000| Untracked 
| 130|0x0000000749e00000, 0x0000000749e00000, 0x0000000749f00000|  0%| F|  |TAMS 0x0000000749e00000, 0x0000000749e00000| Untracked 
| 131|0x0000000749f00000, 0x0000000749f00000, 0x000000074a000000|  0%| F|  |TAMS 0x0000000749f00000, 0x0000000749f00000| Untracked 
| 132|0x000000074a000000, 0x000000074a000000, 0x000000074a100000|  0%| F|  |TAMS 0x000000074a000000, 0x000000074a000000| Untracked 
| 133|0x000000074a100000, 0x000000074a100000, 0x000000074a200000|  0%| F|  |TAMS 0x000000074a100000, 0x000000074a100000| Untracked 
| 134|0x000000074a200000, 0x000000074a200000, 0x000000074a300000|  0%| F|  |TAMS 0x000000074a200000, 0x000000074a200000| Untracked 
| 135|0x000000074a300000, 0x000000074a300000, 0x000000074a400000|  0%| F|  |TAMS 0x000000074a300000, 0x000000074a300000| Untracked 
| 136|0x000000074a400000, 0x000000074a400000, 0x000000074a500000|  0%| F|  |TAMS 0x000000074a400000, 0x000000074a400000| Untracked 
| 137|0x000000074a500000, 0x000000074a500000, 0x000000074a600000|  0%| F|  |TAMS 0x000000074a500000, 0x000000074a500000| Untracked 
| 138|0x000000074a600000, 0x000000074a600000, 0x000000074a700000|  0%| F|  |TAMS 0x000000074a600000, 0x000000074a600000| Untracked 
| 139|0x000000074a700000, 0x000000074a700000, 0x000000074a800000|  0%| F|  |TAMS 0x000000074a700000, 0x000000074a700000| Untracked 
| 140|0x000000074a800000, 0x000000074a800000, 0x000000074a900000|  0%| F|  |TAMS 0x000000074a800000, 0x000000074a800000| Untracked 
| 141|0x000000074a900000, 0x000000074a900000, 0x000000074aa00000|  0%| F|  |TAMS 0x000000074a900000, 0x000000074a900000| Untracked 
| 142|0x000000074aa00000, 0x000000074aa00000, 0x000000074ab00000|  0%| F|  |TAMS 0x000000074aa00000, 0x000000074aa00000| Untracked 
| 143|0x000000074ab00000, 0x000000074ab00000, 0x000000074ac00000|  0%| F|  |TAMS 0x000000074ab00000, 0x000000074ab00000| Untracked 
| 144|0x000000074ac00000, 0x000000074ac00000, 0x000000074ad00000|  0%| F|  |TAMS 0x000000074ac00000, 0x000000074ac00000| Untracked 
| 145|0x000000074ad00000, 0x000000074ad00000, 0x000000074ae00000|  0%| F|  |TAMS 0x000000074ad00000, 0x000000074ad00000| Untracked 
| 146|0x000000074ae00000, 0x000000074ae00000, 0x000000074af00000|  0%| F|  |TAMS 0x000000074ae00000, 0x000000074ae00000| Untracked 
| 147|0x000000074af00000, 0x000000074af00000, 0x000000074b000000|  0%| F|  |TAMS 0x000000074af00000, 0x000000074af00000| Untracked 
| 148|0x000000074b000000, 0x000000074b000000, 0x000000074b100000|  0%| F|  |TAMS 0x000000074b000000, 0x000000074b000000| Untracked 
| 149|0x000000074b100000, 0x000000074b100000, 0x000000074b200000|  0%| F|  |TAMS 0x000000074b100000, 0x000000074b100000| Untracked 
| 150|0x000000074b200000, 0x000000074b200000, 0x000000074b300000|  0%| F|  |TAMS 0x000000074b200000, 0x000000074b200000| Untracked 
| 151|0x000000074b300000, 0x000000074b300000, 0x000000074b400000|  0%| F|  |TAMS 0x000000074b300000, 0x000000074b300000| Untracked 
| 152|0x000000074b400000, 0x000000074b400000, 0x000000074b500000|  0%| F|  |TAMS 0x000000074b400000, 0x000000074b400000| Untracked 
| 153|0x000000074b500000, 0x000000074b500000, 0x000000074b600000|  0%| F|  |TAMS 0x000000074b500000, 0x000000074b500000| Untracked 
| 154|0x000000074b600000, 0x000000074b600000, 0x000000074b700000|  0%| F|  |TAMS 0x000000074b600000, 0x000000074b600000| Untracked 
| 155|0x000000074b700000, 0x000000074b700000, 0x000000074b800000|  0%| F|  |TAMS 0x000000074b700000, 0x000000074b700000| Untracked 
| 156|0x000000074b800000, 0x000000074b800000, 0x000000074b900000|  0%| F|  |TAMS 0x000000074b800000, 0x000000074b800000| Untracked 
| 157|0x000000074b900000, 0x000000074b900000, 0x000000074ba00000|  0%| F|  |TAMS 0x000000074b900000, 0x000000074b900000| Untracked 
| 158|0x000000074ba00000, 0x000000074ba00000, 0x000000074bb00000|  0%| F|  |TAMS 0x000000074ba00000, 0x000000074ba00000| Untracked 
| 159|0x000000074bb00000, 0x000000074bb00000, 0x000000074bc00000|  0%| F|  |TAMS 0x000000074bb00000, 0x000000074bb00000| Untracked 
| 160|0x000000074bc00000, 0x000000074bc00000, 0x000000074bd00000|  0%| F|  |TAMS 0x000000074bc00000, 0x000000074bc00000| Untracked 
| 161|0x000000074bd00000, 0x000000074bd00000, 0x000000074be00000|  0%| F|  |TAMS 0x000000074bd00000, 0x000000074bd00000| Untracked 
| 162|0x000000074be00000, 0x000000074be00000, 0x000000074bf00000|  0%| F|  |TAMS 0x000000074be00000, 0x000000074be00000| Untracked 
| 163|0x000000074bf00000, 0x000000074bf00000, 0x000000074c000000|  0%| F|  |TAMS 0x000000074bf00000, 0x000000074bf00000| Untracked 
| 164|0x000000074c000000, 0x000000074c000000, 0x000000074c100000|  0%| F|  |TAMS 0x000000074c000000, 0x000000074c000000| Untracked 
| 165|0x000000074c100000, 0x000000074c200000, 0x000000074c200000|100%| S|CS|TAMS 0x000000074c100000, 0x000000074c100000| Complete 
| 166|0x000000074c200000, 0x000000074c300000, 0x000000074c300000|100%| S|CS|TAMS 0x000000074c200000, 0x000000074c200000| Complete 
| 167|0x000000074c300000, 0x000000074c400000, 0x000000074c400000|100%| S|CS|TAMS 0x000000074c300000, 0x000000074c300000| Complete 
| 168|0x000000074c400000, 0x000000074c400000, 0x000000074c500000|  0%| F|  |TAMS 0x000000074c400000, 0x000000074c400000| Untracked 
| 169|0x000000074c500000, 0x000000074c500000, 0x000000074c600000|  0%| F|  |TAMS 0x000000074c500000, 0x000000074c500000| Untracked 
| 170|0x000000074c600000, 0x000000074c600000, 0x000000074c700000|  0%| F|  |TAMS 0x000000074c600000, 0x000000074c600000| Untracked 
| 171|0x000000074c700000, 0x000000074c700000, 0x000000074c800000|  0%| F|  |TAMS 0x000000074c700000, 0x000000074c700000| Untracked 
| 172|0x000000074c800000, 0x000000074c800000, 0x000000074c900000|  0%| F|  |TAMS 0x000000074c800000, 0x000000074c800000| Untracked 
| 173|0x000000074c900000, 0x000000074c900000, 0x000000074ca00000|  0%| F|  |TAMS 0x000000074c900000, 0x000000074c900000| Untracked 
| 174|0x000000074ca00000, 0x000000074ca00000, 0x000000074cb00000|  0%| F|  |TAMS 0x000000074ca00000, 0x000000074ca00000| Untracked 
| 175|0x000000074cb00000, 0x000000074cb00000, 0x000000074cc00000|  0%| F|  |TAMS 0x000000074cb00000, 0x000000074cb00000| Untracked 
| 176|0x000000074cc00000, 0x000000074cc00000, 0x000000074cd00000|  0%| F|  |TAMS 0x000000074cc00000, 0x000000074cc00000| Untracked 
| 177|0x000000074cd00000, 0x000000074cd00000, 0x000000074ce00000|  0%| F|  |TAMS 0x000000074cd00000, 0x000000074cd00000| Untracked 
| 178|0x000000074ce00000, 0x000000074ce00000, 0x000000074cf00000|  0%| F|  |TAMS 0x000000074ce00000, 0x000000074ce00000| Untracked 
| 179|0x000000074cf00000, 0x000000074cf00000, 0x000000074d000000|  0%| F|  |TAMS 0x000000074cf00000, 0x000000074cf00000| Untracked 
| 180|0x000000074d000000, 0x000000074d000000, 0x000000074d100000|  0%| F|  |TAMS 0x000000074d000000, 0x000000074d000000| Untracked 
| 181|0x000000074d100000, 0x000000074d100000, 0x000000074d200000|  0%| F|  |TAMS 0x000000074d100000, 0x000000074d100000| Untracked 
| 182|0x000000074d200000, 0x000000074d200000, 0x000000074d300000|  0%| F|  |TAMS 0x000000074d200000, 0x000000074d200000| Untracked 
| 183|0x000000074d300000, 0x000000074d300000, 0x000000074d400000|  0%| F|  |TAMS 0x000000074d300000, 0x000000074d300000| Untracked 
| 184|0x000000074d400000, 0x000000074d400000, 0x000000074d500000|  0%| F|  |TAMS 0x000000074d400000, 0x000000074d400000| Untracked 
| 185|0x000000074d500000, 0x000000074d500000, 0x000000074d600000|  0%| F|  |TAMS 0x000000074d500000, 0x000000074d500000| Untracked 
| 186|0x000000074d600000, 0x000000074d6c0820, 0x000000074d700000| 75%| E|  |TAMS 0x000000074d600000, 0x000000074d600000| Complete 
| 187|0x000000074d700000, 0x000000074d800000, 0x000000074d800000|100%| E|CS|TAMS 0x000000074d700000, 0x000000074d700000| Complete 
| 188|0x000000074d800000, 0x000000074d900000, 0x000000074d900000|100%| E|CS|TAMS 0x000000074d800000, 0x000000074d800000| Complete 
| 189|0x000000074d900000, 0x000000074da00000, 0x000000074da00000|100%| E|CS|TAMS 0x000000074d900000, 0x000000074d900000| Complete 
| 190|0x000000074da00000, 0x000000074db00000, 0x000000074db00000|100%| E|CS|TAMS 0x000000074da00000, 0x000000074da00000| Complete 
| 191|0x000000074db00000, 0x000000074dc00000, 0x000000074dc00000|100%| E|CS|TAMS 0x000000074db00000, 0x000000074db00000| Complete 

Card table byte_map: [0x0000020540b30000,0x0000020541130000] _byte_map_base: 0x000002053d122000

Marking Bits (Prev, Next): (CMBitMap*) 0x0000020528c33b78, (CMBitMap*) 0x0000020528c33bb8
 Prev Bits: [0x0000020541730000, 0x00000205446c0000)
 Next Bits: [0x00000205446c0000, 0x0000020547650000)

Polling page: 0x0000020526b70000

Metaspace:

Usage:
  Non-class:     15.33 MB capacity,    15.13 MB ( 99%) used,   176.02 KB (  1%) free+waste,    37.69 KB ( <1%) overhead. 
      Class:      2.09 MB capacity,     1.93 MB ( 92%) used,   152.05 KB (  7%) free+waste,    20.38 KB ( <1%) overhead. 
       Both:     17.43 MB capacity,    17.05 MB ( 98%) used,   328.06 KB (  2%) free+waste,    58.06 KB ( <1%) overhead. 

Virtual space:
  Non-class space:       16.00 MB reserved,      15.50 MB ( 97%) committed 
      Class space:        1.00 GB reserved,       2.13 MB ( <1%) committed 
             Both:        1.02 GB reserved,      17.63 MB (  2%) committed 

Chunk freelists:
   Non-Class:  42.00 KB
       Class:  0 bytes
        Both:  42.00 KB

MaxMetaspaceSize: 17179869184.00 GB
CompressedClassSpaceSize: 1.00 GB

CodeHeap 'non-profiled nmethods': size=120000Kb used=819Kb max_used=819Kb free=119180Kb
 bounds [0x0000020538bc0000, 0x0000020538e30000, 0x00000205400f0000]
CodeHeap 'profiled nmethods': size=120000Kb used=4528Kb max_used=4528Kb free=115471Kb
 bounds [0x0000020531690000, 0x0000020531b00000, 0x0000020538bc0000]
CodeHeap 'non-nmethods': size=5760Kb used=1372Kb max_used=1389Kb free=4387Kb
 bounds [0x00000205310f0000, 0x0000020531360000, 0x0000020531690000]
 total_blobs=3727 nmethods=2260 adapters=583
 compilation: enabled
              stopped_count=0, restarted_count=0
 full_count=0

Compilation events (20 events):
Event: 7.349 Thread 0x000002054a17a000 nmethod 2254 0x0000020531afaa10 code [0x0000020531afabc0, 0x0000020531afadb8]
Event: 7.350 Thread 0x000002054b6a8000 nmethod 2243 0x0000020538c89090 code [0x0000020538c89220, 0x0000020538c894d8]
Event: 7.350 Thread 0x000002054b6a8000 2242       4       sun.security.util.math.intpoly.IntegerPolynomialP384::reduce (56 bytes)
Event: 7.351 Thread 0x000002054b6a8000 nmethod 2242 0x0000020538c89710 code [0x0000020538c898a0, 0x0000020538c89a08]
Event: 7.351 Thread 0x000002054b6a8000 2255       4       sun.security.provider.MD5::FF (33 bytes)
Event: 7.351 Thread 0x000002054b6a8000 nmethod 2255 0x0000020538c89b10 code [0x0000020538c89c80, 0x0000020538c89cf8]
Event: 7.351 Thread 0x000002054b6a8000 2256       4       sun.security.provider.MD5::GG (33 bytes)
Event: 7.351 Thread 0x000002054b6a8000 nmethod 2256 0x0000020538c89e10 code [0x0000020538c89f80, 0x0000020538c89ff8]
Event: 7.351 Thread 0x000002054b6a8000 2257       4       sun.security.provider.MD5::HH (29 bytes)
Event: 7.352 Thread 0x000002054b6a8000 nmethod 2257 0x0000020538c8a110 code [0x0000020538c8a280, 0x0000020538c8a2f8]
Event: 7.352 Thread 0x000002054b6a8000 2258       4       sun.security.provider.MD5::II (31 bytes)
Event: 7.352 Thread 0x000002054b6a8000 nmethod 2258 0x0000020538c8a410 code [0x0000020538c8a580, 0x0000020538c8a5f8]
Event: 7.354 Thread 0x000002054a17a000 2259       3       com.sun.crypto.provider.AESCrypt::mul4 (181 bytes)
Event: 7.355 Thread 0x000002054a17a000 nmethod 2259 0x0000020531afae90 code [0x0000020531afb100, 0x0000020531afbd18]
Event: 7.358 Thread 0x000002054b6a8000 2260       4       java.nio.HeapByteBuffer::ix (7 bytes)
Event: 7.358 Thread 0x000002054b6a8000 nmethod 2260 0x0000020538c8a710 code [0x0000020538c8a8a0, 0x0000020538c8a918]
Event: 7.361 Thread 0x000002054b6a8000 2261       4       java.lang.String::substring (68 bytes)
Event: 7.365 Thread 0x000002054b6a8000 nmethod 2261 0x0000020538c8aa10 code [0x0000020538c8abc0, 0x0000020538c8b098]
Event: 7.367 Thread 0x000002054a17a000 2262       1       java.util.logging.Level::intValue (5 bytes)
Event: 7.368 Thread 0x000002054a17a000 nmethod 2262 0x0000020538c8b290 code [0x0000020538c8b420, 0x0000020538c8b558]

GC Heap History (2 events):
Event: 6.878 GC heap before
{Heap before GC invocations=0 (full 0):
 garbage-first heap   total 196608K, used 25600K [0x0000000741c00000, 0x0000000800000000)
  region size 1024K, 24 young (24576K), 0 survivors (0K)
 Metaspace       used 13955K, capacity 14344K, committed 14592K, reserved 1062912K
  class space    used 1535K, capacity 1700K, committed 1792K, reserved 1048576K
}
Event: 6.887 GC heap after
{Heap after GC invocations=1 (full 0):
 garbage-first heap   total 196608K, used 8846K [0x0000000741c00000, 0x0000000800000000)
  region size 1024K, 3 young (3072K), 3 survivors (3072K)
 Metaspace       used 13955K, capacity 14344K, committed 14592K, reserved 1062912K
  class space    used 1535K, capacity 1700K, committed 1792K, reserved 1048576K
}

Deoptimization events (20 events):
Event: 6.842 Thread 0x000002054af8a000 DEOPT PACKING pc=0x000002053172cc65 sp=0x000000b9751f8710
Event: 6.842 Thread 0x000002054af8a000 DEOPT UNPACKING pc=0x000002053113964e sp=0x000000b9751f7b88 mode 0
Event: 6.844 Thread 0x000002054af8a000 DEOPT PACKING pc=0x000002053172cc65 sp=0x000000b9751fc950
Event: 6.844 Thread 0x000002054af8a000 DEOPT UNPACKING pc=0x000002053113964e sp=0x000000b9751fbdc8 mode 0
Event: 6.844 Thread 0x000002054af8a000 DEOPT PACKING pc=0x000002053172cc65 sp=0x000000b9751fc950
Event: 6.844 Thread 0x000002054af8a000 DEOPT UNPACKING pc=0x000002053113964e sp=0x000000b9751fbdc8 mode 0
Event: 6.845 Thread 0x000002054af8a000 DEOPT PACKING pc=0x000002053172cc65 sp=0x000000b9751fc950
Event: 6.845 Thread 0x000002054af8a000 DEOPT UNPACKING pc=0x000002053113964e sp=0x000000b9751fbdc8 mode 0
Event: 6.918 Thread 0x000002054af8a000 Uncommon trap: trap_request=0xffffff45 fr.pc=0x0000020538c27688 relative=0x00000000000002e8
Event: 6.918 Thread 0x000002054af8a000 Uncommon trap: reason=unstable_if action=reinterpret pc=0x0000020538c27688 method=sun.nio.ch.FileChannelImpl.endBlocking(Z)V @ 4 c2
Event: 6.918 Thread 0x000002054af8a000 DEOPT PACKING pc=0x0000020538c27688 sp=0x000000b9751f9940
Event: 6.918 Thread 0x000002054af8a000 DEOPT UNPACKING pc=0x000002053113912f sp=0x000000b9751f9920 mode 2
Event: 7.268 Thread 0x000002054af8a000 Uncommon trap: trap_request=0xffffff45 fr.pc=0x0000020538c77694 relative=0x0000000000000254
Event: 7.268 Thread 0x000002054af8a000 Uncommon trap: reason=unstable_if action=reinterpret pc=0x0000020538c77694 method=java.util.regex.Pattern$SliceI.match(Ljava/util/regex/Matcher;ILjava/lang/CharSequence;)Z @ 29 c2
Event: 7.268 Thread 0x000002054af8a000 DEOPT PACKING pc=0x0000020538c77694 sp=0x000000b9751fd190
Event: 7.268 Thread 0x000002054af8a000 DEOPT UNPACKING pc=0x000002053113912f sp=0x000000b9751fd128 mode 2
Event: 7.335 Thread 0x000002054af8a000 Uncommon trap: trap_request=0xffffff45 fr.pc=0x0000020538c82c24 relative=0x0000000000000104
Event: 7.335 Thread 0x000002054af8a000 Uncommon trap: reason=unstable_if action=reinterpret pc=0x0000020538c82c24 method=java.math.BigInteger.addOne([IIII)I @ 55 c2
Event: 7.336 Thread 0x000002054af8a000 DEOPT PACKING pc=0x0000020538c82c24 sp=0x000000b9751fccd0
Event: 7.336 Thread 0x000002054af8a000 DEOPT UNPACKING pc=0x000002053113912f sp=0x000000b9751fcc70 mode 2

Classes unloaded (0 events):
No events

Classes redefined (0 events):
No events

Internal exceptions (20 events):
Event: 0.630 Thread 0x0000020528bdc800 Exception <a 'java/lang/ClassNotFoundException'{0x000000074d160618}: TreeCell> (0x000000074d160618) 
thrown [t:/workspace/open/src/hotspot/share/classfile/systemDictionary.cpp, line 232]
Event: 0.631 Thread 0x0000020528bdc800 Exception <a 'java/lang/ClassNotFoundException'{0x000000074d160dd8}: RootPane> (0x000000074d160dd8) 
thrown [t:/workspace/open/src/hotspot/share/classfile/systemDictionary.cpp, line 232]
Event: 0.631 Thread 0x0000020528bdc800 Implicit null exception at 0x0000020538c09fee to 0x0000020538c0add6
Event: 0.632 Thread 0x0000020528bdc800 Implicit null exception at 0x0000020538bf1b2f to 0x0000020538bf1bad
Event: 0.633 Thread 0x0000020528bdc800 Exception <a 'java/lang/ClassNotFoundException'{0x000000074d163c08}: com/sun/swing/internal/plaf/metal/resources/spi/metalProvider> (0x000000074d163c08) 
thrown [t:/workspace/open/src/hotspot/share/classfile/systemDictionary.cpp, line 232]
Event: 0.635 Thread 0x0000020528bdc800 Exception <a 'java/lang/ClassNotFoundException'{0x000000074d167b38}: com/sun/swing/internal/plaf/basic/resources/spi/basicProvider> (0x000000074d167b38) 
thrown [t:/workspace/open/src/hotspot/share/classfile/systemDictionary.cpp, line 232]
Event: 0.667 Thread 0x000002054af8a000 Exception <a 'java/lang/ClassNotFoundException'{0x000000074d011190}: com/sun/swing/internal/plaf/synth/resources/spi/synthProvider> (0x000000074d011190) 
thrown [t:/workspace/open/src/hotspot/share/classfile/systemDictionary.cpp, line 232]
Event: 0.765 Thread 0x000002054af8a000 Exception <a 'java/lang/NoSuchMethodError'{0x000000074d0bbb38}: 'void java.lang.invoke.DirectMethodHandle$Holder.invokeStaticInit(java.lang.Object)'> (0x000000074d0bbb38) 
thrown [t:/workspace/open/src/hotspot/share/interpreter/linkResolver.cpp, line 767]
Event: 0.772 Thread 0x000002054af8a000 Exception <a 'java/lang/NoSuchMethodError'{0x000000074d0e2048}: 'java.lang.Object java.lang.invoke.Invokers$Holder.linkToTargetMethod(java.lang.Object, int, java.lang.Object)'> (0x000000074d0e2048) 
thrown [t:/workspace/open/src/hotspot/share/interpreter/linkResolver.cpp, line 767]
Event: 6.655 Thread 0x000002054af8a000 Implicit null exception at 0x0000020538c606e0 to 0x0000020538c60c1f
Event: 6.656 Thread 0x000002054af8a000 Implicit null exception at 0x0000020538c59fbc to 0x0000020538c5a564
Event: 6.656 Thread 0x000002054af8a000 Implicit null exception at 0x0000020538c606e0 to 0x0000020538c60c1f
Event: 6.656 Thread 0x000002054af8a000 Implicit null exception at 0x0000020538c59fbc to 0x0000020538c5a564
Event: 6.656 Thread 0x000002054af8a000 Implicit null exception at 0x0000020538c606e0 to 0x0000020538c60c1f
Event: 6.913 Thread 0x000002054af8a000 Exception <a 'java/lang/NoSuchMethodError'{0x000000074dba4eb8}: 'java.lang.Object java.lang.invoke.DirectMethodHandle$Holder.invokeStaticInit(java.lang.Object, int, int, int, int)'> (0x000000074dba4eb8) 
thrown [t:/workspace/open/src/hotspot/share/interpreter/linkResolver.cpp, line 767]
Event: 6.915 Thread 0x000002054af8a000 Exception <a 'sun/nio/fs/WindowsException'{0x000000074dbaabf8}> (0x000000074dbaabf8) 
thrown [t:/workspace/open/src/hotspot/share/prims/jni.cpp, line 598]
Event: 6.924 Thread 0x000002054af8a000 Exception <a 'java/lang/NoSuchMethodError'{0x000000074dbcdb58}: 'int java.lang.invoke.DirectMethodHandle$Holder.invokeStaticInit(java.lang.Object, java.lang.Object, java.lang.Object, java.lang.Object)'> (0x000000074dbcdb58) 
thrown [t:/workspace/open/src/hotspot/share/interpreter/linkResolver.cpp, line 767]
Event: 6.925 Thread 0x000002054af8a000 Exception <a 'java/lang/NoSuchMethodError'{0x000000074dbd8d10}: 'void java.lang.invoke.DirectMethodHandle$Holder.invokeStaticInit(java.lang.Object, java.lang.Object)'> (0x000000074dbd8d10) 
thrown [t:/workspace/open/src/hotspot/share/interpreter/linkResolver.cpp, line 767]
Event: 6.926 Thread 0x000002054af8a000 Exception <a 'java/lang/NoSuchMethodError'{0x000000074dbddd88}: 'int java.lang.invoke.DirectMethodHandle$Holder.invokeStaticInit(java.lang.Object, java.lang.Object)'> (0x000000074dbddd88) 
thrown [t:/workspace/open/src/hotspot/share/interpreter/linkResolver.cpp, line 767]
Event: 7.237 Thread 0x000002054af8a000 Exception <a 'java/lang/NoSuchMethodError'{0x000000074d8fc748}: 'java.lang.Object java.lang.invoke.DirectMethodHandle$Holder.invokeStaticInit(java.lang.Object, java.lang.Object, int, int, int, int)'> (0x000000074d8fc748) 
thrown [t:/workspace/open/src/hotspot/share/interpreter/linkResolver.cpp, line 767]

Events (20 events):
Event: 7.357 loading class com/sun/crypto/provider/FeedbackCipher
Event: 7.357 loading class com/sun/crypto/provider/FeedbackCipher done
Event: 7.357 loading class com/sun/crypto/provider/ElectronicCodeBook done
Event: 7.357 loading class com/sun/crypto/provider/PKCS5Padding
Event: 7.357 loading class com/sun/crypto/provider/Padding
Event: 7.357 loading class com/sun/crypto/provider/Padding done
Event: 7.357 loading class com/sun/crypto/provider/PKCS5Padding done
Event: 7.357 loading class com/sun/crypto/provider/CipherBlockChaining
Event: 7.357 loading class com/sun/crypto/provider/CipherBlockChaining done
Event: 7.359 loading class sun/security/ssl/SSLCipher$T10BlockReadCipherGenerator$BlockReadCipher
Event: 7.360 loading class sun/security/ssl/SSLCipher$T10BlockReadCipherGenerator$BlockReadCipher done
Event: 7.360 loading class jdk/internal/event/TLSHandshakeEvent
Event: 7.360 loading class jdk/internal/event/TLSHandshakeEvent done
Event: 7.360 loading class javax/net/ssl/SSLEngineResult$HandshakeStatus
Event: 7.360 loading class javax/net/ssl/SSLEngineResult$HandshakeStatus done
Event: 7.362 loading class java/lang/ClassLoaderHelper
Event: 7.362 loading class java/lang/ClassLoaderHelper done
Event: 7.363 Loaded shared library C:\Program Files\Java\sqljdbc_9.2\enu\auth\x64\sqljdbc_auth.dll
Event: 7.370 loading class java/net/InetAddress$CachedLocalHost
Event: 7.370 loading class java/net/InetAddress$CachedLocalHost done


Dynamic libraries:
0x00007ff7b71c0000 - 0x00007ff7b71cf000 	C:\Program Files\Java\jdk-13.0.1\bin\javaw.exe
0x00007ffb50870000 - 0x00007ffb50a65000 	C:\WINDOWS\SYSTEM32\ntdll.dll
0x00007ffb4f900000 - 0x00007ffb4f9bd000 	C:\WINDOWS\System32\KERNEL32.DLL
0x00007ffb4e1c0000 - 0x00007ffb4e489000 	C:\WINDOWS\System32\KERNELBASE.dll
0x00007ffb4e490000 - 0x00007ffb4e590000 	C:\WINDOWS\System32\ucrtbase.dll
0x00007ffb3d820000 - 0x00007ffb3d838000 	C:\Program Files\Java\jdk-13.0.1\bin\jli.dll
0x00007ffb3d840000 - 0x00007ffb3d855000 	C:\Program Files\Java\jdk-13.0.1\bin\VCRUNTIME140.dll
0x00007ffb4f110000 - 0x00007ffb4f1bc000 	C:\WINDOWS\System32\ADVAPI32.dll
0x00007ffb4efc0000 - 0x00007ffb4f05e000 	C:\WINDOWS\System32\msvcrt.dll
0x00007ffb50570000 - 0x00007ffb5060b000 	C:\WINDOWS\System32\sechost.dll
0x00007ffb502a0000 - 0x00007ffb503ca000 	C:\WINDOWS\System32\RPCRT4.dll
0x00007ffb4fff0000 - 0x00007ffb50190000 	C:\WINDOWS\System32\USER32.dll
0x00007ffb4e630000 - 0x00007ffb4e652000 	C:\WINDOWS\System32\win32u.dll
0x00007ffb4f9c0000 - 0x00007ffb4f9ea000 	C:\WINDOWS\System32\GDI32.dll
0x00007ffb22ac0000 - 0x00007ffb22d5a000 	C:\WINDOWS\WinSxS\amd64_microsoft.windows.common-controls_6595b64144ccf1df_6.0.19041.1110_none_60b5254171f9507e\COMCTL32.dll
0x00007ffb4e060000 - 0x00007ffb4e16b000 	C:\WINDOWS\System32\gdi32full.dll
0x00007ffb4e590000 - 0x00007ffb4e62d000 	C:\WINDOWS\System32\msvcp_win.dll
0x00007ffb470f0000 - 0x00007ffb470fa000 	C:\WINDOWS\SYSTEM32\VERSION.dll
0x00007ffb506c0000 - 0x00007ffb506f0000 	C:\WINDOWS\System32\IMM32.DLL
0x00007ffadd660000 - 0x00007ffadd6fb000 	C:\Program Files\Java\jdk-13.0.1\bin\msvcp140.dll
0x00007ffad8910000 - 0x00007ffad9476000 	C:\Program Files\Java\jdk-13.0.1\bin\server\jvm.dll
0x00007ffb504f0000 - 0x00007ffb504f8000 	C:\WINDOWS\System32\PSAPI.DLL
0x00007ffb2b7a0000 - 0x00007ffb2b7c7000 	C:\WINDOWS\SYSTEM32\WINMM.dll
0x00007ffb2bfa0000 - 0x00007ffb2bfa9000 	C:\WINDOWS\SYSTEM32\WSOCK32.dll
0x00007ffb50500000 - 0x00007ffb5056b000 	C:\WINDOWS\System32\WS2_32.dll
0x00007ffb4c0c0000 - 0x00007ffb4c0d2000 	C:\WINDOWS\SYSTEM32\kernel.appcore.dll
0x00007ffb48ea0000 - 0x00007ffb48eb0000 	C:\Program Files\Java\jdk-13.0.1\bin\verify.dll
0x00007ffb4bd80000 - 0x00007ffb4bf64000 	C:\WINDOWS\SYSTEM32\DBGHELP.DLL
0x00007ffb44e00000 - 0x00007ffb44e2c000 	C:\WINDOWS\SYSTEM32\dbgcore.DLL
0x00007ffb4e660000 - 0x00007ffb4e6e3000 	C:\WINDOWS\System32\bcryptPrimitives.dll
0x00007ffb3e420000 - 0x00007ffb3e446000 	C:\Program Files\Java\jdk-13.0.1\bin\java.dll
0x00007ffb46ce0000 - 0x00007ffb46cf7000 	C:\Program Files\Java\jdk-13.0.1\bin\zip.dll
0x00007ffb486c0000 - 0x00007ffb486ca000 	C:\Program Files\Java\jdk-13.0.1\bin\jimage.dll
0x00007ffb4f1c0000 - 0x00007ffb4f8ff000 	C:\WINDOWS\System32\SHELL32.dll
0x00007ffb4c7d0000 - 0x00007ffb4cf61000 	C:\WINDOWS\SYSTEM32\windows.storage.dll
0x00007ffb4fa00000 - 0x00007ffb4fd55000 	C:\WINDOWS\System32\combase.dll
0x00007ffb4da20000 - 0x00007ffb4da4c000 	C:\WINDOWS\SYSTEM32\Wldp.dll
0x00007ffb4f060000 - 0x00007ffb4f10e000 	C:\WINDOWS\System32\SHCORE.dll
0x00007ffb506f0000 - 0x00007ffb50745000 	C:\WINDOWS\System32\shlwapi.dll
0x00007ffb4def0000 - 0x00007ffb4df0f000 	C:\WINDOWS\SYSTEM32\profapi.dll
0x00007ffb46660000 - 0x00007ffb46679000 	C:\Program Files\Java\jdk-13.0.1\bin\net.dll
0x00007ffb30860000 - 0x00007ffb3096a000 	C:\WINDOWS\SYSTEM32\WINHTTP.dll
0x00007ffb4d780000 - 0x00007ffb4d7ea000 	C:\WINDOWS\system32\mswsock.dll
0x00007ffb3e400000 - 0x00007ffb3e413000 	C:\Program Files\Java\jdk-13.0.1\bin\nio.dll
0x00007ffada890000 - 0x00007ffadaa29000 	C:\Program Files\Java\jdk-13.0.1\bin\awt.dll
0x00007ffb4fd80000 - 0x00007ffb4fe4d000 	C:\WINDOWS\System32\OLEAUT32.dll
0x00007ffb49dc0000 - 0x00007ffb4a380000 	C:\WINDOWS\SYSTEM32\d2d1.dll
0x00007ffb4b120000 - 0x00007ffb4b1b0000 	C:\WINDOWS\SYSTEM32\apphelp.dll
0x00007ffb4b610000 - 0x00007ffb4b6ae000 	C:\WINDOWS\system32\uxtheme.dll
0x00007ffb503d0000 - 0x00007ffb504e5000 	C:\WINDOWS\System32\MSCTF.dll
0x00007ffb4fec0000 - 0x00007ffb4ffea000 	C:\WINDOWS\System32\ole32.dll
0x00007ffb4b8f0000 - 0x00007ffb4b91f000 	C:\WINDOWS\system32\DWMAPI.DLL
0x00007ffaed570000 - 0x00007ffaed5f2000 	C:\Program Files\Java\jdk-13.0.1\bin\freetype.dll
0x00007ffadd5b0000 - 0x00007ffadd656000 	C:\Program Files\Java\jdk-13.0.1\bin\fontmanager.dll
0x00007ffaff2e0000 - 0x00007ffaff405000 	C:\WINDOWS\system32\opengl32.dll
0x00007ffb25c90000 - 0x00007ffb25cbc000 	C:\WINDOWS\SYSTEM32\GLU32.dll
0x00007ffb50610000 - 0x00007ffb506b9000 	C:\WINDOWS\System32\clbcatq.dll
0x00007ffb43be0000 - 0x00007ffb43d94000 	C:\WINDOWS\SYSTEM32\WindowsCodecs.dll
0x00007ffb4e750000 - 0x00007ffb4e777000 	C:\WINDOWS\System32\bcrypt.dll
0x00007ffb0ada0000 - 0x00007ffb0adde000 	C:\WINDOWS\system32\dataexchange.dll
0x00007ffb49b50000 - 0x00007ffb49db4000 	C:\WINDOWS\system32\d3d11.dll
0x00007ffb4a550000 - 0x00007ffb4a736000 	C:\WINDOWS\system32\dcomp.dll
0x00007ffb4c200000 - 0x00007ffb4c2f4000 	C:\WINDOWS\system32\dxgi.dll
0x00007ffb45e80000 - 0x00007ffb46081000 	C:\WINDOWS\system32\twinapi.appcore.dll
0x00007ffb3d8c0000 - 0x00007ffb3d9b9000 	C:\WINDOWS\SYSTEM32\textinputframework.dll
0x00007ffb4aea0000 - 0x00007ffb4af92000 	C:\WINDOWS\System32\CoreMessaging.dll
0x00007ffb4ab40000 - 0x00007ffb4ae9e000 	C:\WINDOWS\System32\CoreUIComponents.dll
0x00007ffb4c600000 - 0x00007ffb4c633000 	C:\WINDOWS\SYSTEM32\ntmarta.dll
0x00007ffb4a3f0000 - 0x00007ffb4a544000 	C:\WINDOWS\SYSTEM32\wintypes.dll
0x00007ffb4d460000 - 0x00007ffb4d52c000 	C:\WINDOWS\SYSTEM32\DNSAPI.dll
0x00007ffb4d420000 - 0x00007ffb4d45b000 	C:\WINDOWS\SYSTEM32\IPHLPAPI.DLL
0x00007ffb4f9f0000 - 0x00007ffb4f9f8000 	C:\WINDOWS\System32\NSI.dll
0x00007ffb44df0000 - 0x00007ffb44dfa000 	C:\Windows\System32\rasadhlp.dll
0x00007ffb307e0000 - 0x00007ffb3085f000 	C:\WINDOWS\System32\fwpuclnt.dll
0x00007ffb3dcb0000 - 0x00007ffb3dcd5000 	C:\Program Files\Java\jdk-13.0.1\bin\sunec.dll
0x00007ffb4d970000 - 0x00007ffb4d988000 	C:\WINDOWS\SYSTEM32\CRYPTSP.dll
0x00007ffb4d0b0000 - 0x00007ffb4d0e4000 	C:\WINDOWS\system32\rsaenh.dll
0x00007ffb4deb0000 - 0x00007ffb4dede000 	C:\WINDOWS\SYSTEM32\USERENV.dll
0x00007ffb4d960000 - 0x00007ffb4d96c000 	C:\WINDOWS\SYSTEM32\CRYPTBASE.dll
0x00007ffb45e60000 - 0x00007ffb45e77000 	C:\WINDOWS\SYSTEM32\dhcpcsvc6.DLL
0x00007ffb46fe0000 - 0x00007ffb46ffd000 	C:\WINDOWS\SYSTEM32\dhcpcsvc.DLL
0x00007ffb48590000 - 0x00007ffb4859e000 	C:\Program Files\Java\jdk-13.0.1\bin\sunmscapi.dll
0x00007ffb4e780000 - 0x00007ffb4e8df000 	C:\WINDOWS\System32\CRYPT32.dll
0x00007ffb4da90000 - 0x00007ffb4dab7000 	C:\WINDOWS\SYSTEM32\ncrypt.dll
0x00007ffb4da50000 - 0x00007ffb4da8b000 	C:\WINDOWS\SYSTEM32\NTASN1.dll
0x00007ffb262e0000 - 0x00007ffb2632f000 	C:\Program Files\Java\sqljdbc_9.2\enu\auth\x64\sqljdbc_auth.dll
0x00007ffb4cf70000 - 0x00007ffb4cf7c000 	C:\WINDOWS\system32\secur32.dll
0x00007ffb4de70000 - 0x00007ffb4dea1000 	C:\WINDOWS\SYSTEM32\SSPICLI.DLL
0x00007ffb4d850000 - 0x00007ffb4d95e000 	C:\WINDOWS\system32\kerberos.DLL
0x00007ffb4dba0000 - 0x00007ffb4dbb2000 	C:\WINDOWS\SYSTEM32\MSASN1.dll
0x00007ffb4d6f0000 - 0x00007ffb4d779000 	C:\WINDOWS\system32\msv1_0.DLL
0x00007ffb4d6d0000 - 0x00007ffb4d6e3000 	C:\WINDOWS\SYSTEM32\NtlmShared.dll
0x00007ffb4d7f0000 - 0x00007ffb4d805000 	C:\WINDOWS\SYSTEM32\cryptdll.dll
0x00007ffb2bd90000 - 0x00007ffb2bdba000 	C:\WINDOWS\system32\ntdsapi.dll
0x00007ffb25770000 - 0x00007ffb25787000 	C:\WINDOWS\system32\napinsp.dll
0x00007ffb25720000 - 0x00007ffb2573b000 	C:\WINDOWS\system32\pnrpnsp.dll
0x00007ffb24f60000 - 0x00007ffb24f75000 	C:\WINDOWS\system32\wshbth.dll
0x00007ffb494b0000 - 0x00007ffb494cd000 	C:\WINDOWS\system32\NLAapi.dll
0x00007ffb25670000 - 0x00007ffb25682000 	C:\WINDOWS\System32\winrnr.dll

dbghelp: loaded successfully - version: 4.0.5 - missing functions: none
symbol engine: initialized successfully - sym options: 0x614 - pdb path: .;C:\Program Files\Java\jdk-13.0.1\bin;C:\WINDOWS\SYSTEM32;C:\WINDOWS\WinSxS\amd64_microsoft.windows.common-controls_6595b64144ccf1df_6.0.19041.1110_none_60b5254171f9507e;C:\Program Files\Java\jdk-13.0.1\bin\server;C:\Program Files\Java\sqljdbc_9.2\enu\auth\x64

VM Arguments:
jvm_args: -Djava.library.path=C:\Program Files\Java\sqljdbc_9.2\enu\auth\x64 -Dfile.encoding=UTF-8 --module-path=C:\Program Files\Java\jasperreports-6.17.0.jar;C:\Program Files\Java\jcalendar-1.4.jar;C:\Program Files\Java\sqljdbc4.jar 
java_command: Form.Login
java_class_path (initial): D:\StaffManagement\build\classes
Launcher Type: SUN_STANDARD

[Global flags]
     intx CICompilerCount                          = 4                                         {product} {ergonomic}
     uint ConcGCThreads                            = 2                                         {product} {ergonomic}
     uint G1ConcRefinementThreads                  = 8                                         {product} {ergonomic}
   size_t G1HeapRegionSize                         = 1048576                                   {product} {ergonomic}
    uintx GCDrainStackTargetSize                   = 64                                        {product} {ergonomic}
   size_t InitialHeapSize                          = 201326592                                 {product} {ergonomic}
   size_t MarkStackSize                            = 4194304                                   {product} {ergonomic}
   size_t MaxHeapSize                              = 3191865344                                {product} {ergonomic}
   size_t MaxNewSize                               = 1914699776                                {product} {ergonomic}
   size_t MinHeapDeltaBytes                        = 1048576                                   {product} {ergonomic}
   size_t MinHeapSize                              = 8388608                                   {product} {ergonomic}
    uintx NonNMethodCodeHeapSize                   = 5836300                                {pd product} {ergonomic}
    uintx NonProfiledCodeHeapSize                  = 122910970                              {pd product} {ergonomic}
    uintx ProfiledCodeHeapSize                     = 122910970                              {pd product} {ergonomic}
    uintx ReservedCodeCacheSize                    = 251658240                              {pd product} {ergonomic}
     bool SegmentedCodeCache                       = true                                      {product} {ergonomic}
   size_t SoftMaxHeapSize                          = 3191865344                             {manageable} {ergonomic}
     bool UseCompressedClassPointers               = true                                 {lp64_product} {ergonomic}
     bool UseCompressedOops                        = true                                 {lp64_product} {ergonomic}
     bool UseG1GC                                  = true                                      {product} {ergonomic}
     bool UseLargePagesIndividualAllocation        = false                                  {pd product} {ergonomic}

Logging:
Log output configuration:
 #0: stdout all=warning uptime,level,tags
 #1: stderr all=off uptime,level,tags

Environment Variables:
JAVA_HOME=C:\Program Files\Java\jdk-13.0.1
JRE_HOME=C:\Program Files (x86)\Java\jre1.8.0_261
PATH=C:/Program Files/Java/jdk-13.0.1/bin/server;C:/Program Files/Java/jdk-13.0.1/bin;C:\Users\Truong\AppData\Local\Programs\Python\Python36;C:\Users\Truong\AppData\Local\Programs\Python\Python36\Scripts;C:\Program Files\dotnet\;"C:\WINDOWS\system32;C:\WINDOWS;C:\WINDOWS\System32\Wbem;";"C:\Windows\System32;C:\Windows\;C:\Program Files\Git\bin\;C:\Program Files\Git\cmd\";C:\Windows\System32\OpenSSH\;C:\Program Files\Java\jdk-13.0.1\bin\;C:\Program Files\nodejs\;C:\Program Files\NVIDIA Corporation\NVIDIA NvDLISR;C:\Users\Truong\AppData\Roaming\npm\;C:\WINDOWS\system32;C:\WINDOWS;C:\WINDOWS\System32\Wbem;C:\WINDOWS\System32\WindowsPowerShell\v1.0\;C:\WINDOWS\System32\OpenSSH\;C:\Program Files\TortoiseGit\bin;D:\mingw-w64\x86_64-8.1.0-posix-seh-rt_v6-rev0\mingw64\bin;C:\cygwin64\bin;C:\Program Files (x86)\GnuWin32\bin;C:\Users\Truong\AppData\Roaming\MongoDB Compass;C:\Program Files\Java\sqljdbc_9.2\enu\auth\x86;C:\Program Files\MySQL\MySQL Shell 8.0\bin\;C:\Users\Truong\AppData\Local\Programs\Python\Python36\Scripts\;C:\Users\Truong\AppData\Local\Programs\Python\Python36\;C:\Users\Truong\AppData\Local\Programs\Python\Python38-32\python.exe;C:\Users\Truong\.dotnet\tools;C:\Windows\System32;C:\Program Files\Git\cmd\;C:\Program Files\Git\bin\;C:\Windows\System32\OpenSSH\;;C:\Users\Truong\AppData\Local\Programs\Microsoft VS Code\bin;C:\Program Files\Java\jdk-13.0.1\bin\;C:\Users\Truong\AppData\Roaming\npm;C:\Users\Truong\AppData\Local\Microsoft\WindowsApps;C:\WINDOWS\System32;
USERNAME=Truong
OS=Windows_NT
PROCESSOR_IDENTIFIER=Intel64 Family 6 Model 142 Stepping 10, GenuineIntel



---------------  S Y S T E M  ---------------

OS: Windows 10 , 64 bit Build 19041 (10.0.19041.1023)

CPU:total 8 (initial active 8) (4 cores per cpu, 2 threads per core) family 6 model 142 stepping 10, cmov, cx8, fxsr, mmx, sse, sse2, sse3, ssse3, sse4.1, sse4.2, popcnt, avx, avx2, aes, clmul, erms, 3dnowpref, lzcnt, ht, tsc, tscinvbit, bmi1, bmi2, adx, fma

Memory: 4k page, system-wide physical 12170M (4318M free)
TotalPageFile size 18314M (AvailPageFile size 5140M)
current process WorkingSet (physical memory assigned to process): 113M, peak: 113M
current process commit charge ("private bytes"): 315M, peak: 322M

vm_info: Java HotSpot(TM) 64-Bit Server VM (13.0.1+9) for windows-amd64 JRE (13.0.1+9), built on Oct  6 2019 12:37:49 by "mach5one" with unknown MS VC++:1916

END.
